<?xml version="1.0" encoding="UTF-8"?>
<!-- Generated by org.testng.reporters.JUnitXMLReporter -->
<testsuite hostname="ADMIN-PC" ignored="1" name="Default test(failed)" tests="2" failures="1" timestamp="2020-05-01T14:48:22 IST" time="12.728" errors="0">
  <testcase name="test13" time="0.022" classname="Listener.TestNgFaildTest">
    <failure type="java.lang.AssertionError" message="did not expect to find [true] but found [false]">
      <![CDATA[java.lang.AssertionError: did not expect to find [true] but found [false]
at Listener.TestNgFaildTest.test13(TestNgFaildTest.java:29)
at java.util.ArrayList.forEach(ArrayList.java:1257)
... Removed 31 stack frames]]>
    </failure>
  </testcase> <!-- test13 -->
  <testcase name="test12" time="12.627" classname="Listener.TestNgFaildTest"/>
  <testcase name="test11" time="0.0" classname="Listener.TestNgFaildTest">
    <ignored/>
  </testcase> <!-- test11 -->
</testsuite> <!-- Default test(failed) -->
